AutoECO Error Report
FILE-A: C:\MEUS DOCUMENTOS\PROJETOS\CORD„O TROPESSO\BACKUP1.MAX
FILE-B: C:\MEUS DOCUMENTOS\PROJETOS\CORD„O TROPESSO\CORDA’ TROPE«O3.MNL
ERROR: No footprint found for comp F1
ERROR: No footprint found for comp J1
ERROR: No footprint found for comp D1
ERROR: No footprint found for comp R1
ERROR: No footprint found for comp R2
ERROR: No footprint found for comp R3
ERROR: No footprint found for comp C1
ERROR: No footprint found for comp D2
ERROR: No footprint found for comp D3
ERROR: No footprint found for comp J2
ERROR: No footprint found for comp J3
ERROR: No footprint found for comp Q1
ERROR: No footprint found for comp BT1
ERROR: No footprint found for comp Q2
ERROR: No footprint found for comp SW2
Unable to complete ECO due to errors
15 errors found
