AutoECO Report
FILE-A: C:\MEUS DOCUMENTOS\PROJETOS\CORD„O TROPESSO\BACKUP1.MAX
FILE-B: C:\MEUS DOCUMENTOS\PROJETOS\CORD„O TROPESSO\CORDA’ TROPE«O3.MNL
If "*EOF*" immediately follows, no changes were made
Overriding all component coordinates
Warning: Unable to find footprint CON2 for comp J1.  Will try part name.
Warning: Unable to find footprint DIODE for comp D1.  Will try part name.
Warning: Unable to find footprint RESISTOR for comp R1.  Will try part name.
Warning: Unable to find footprint RESISTOR for comp R2.  Will try part name.
Warning: Unable to find footprint RESISTOR for comp R3.  Will try part name.
Warning: Unable to find footprint CAP POL for comp C1.  Will try part name.
Warning: Unable to find footprint CON2 for comp J2.  Will try part name.
Warning: Unable to find footprint CON2 for comp J3.  Will try part name.
Warning: Unable to find footprint BC for comp Q1.  Will try part name.
Warning: Unable to find footprint CON3 for comp SW2.  Will try part name.
Adding package FUSE
Adding package CON2
Adding package DIODE
Adding package RESISTOR
Adding package CAPACITOR_POL
Adding package LED
Adding package NPN_CBE
Adding package BATTERY
Adding package PNP_BEC
Adding package SW3
Adding component F1
ERROR: No footprint found for comp F1
Adding component J1
ERROR: No footprint found for comp J1
Adding component D1
ERROR: No footprint found for comp D1
Adding component R1
ERROR: No footprint found for comp R1
Adding component R2
ERROR: No footprint found for comp R2
Adding component R3
ERROR: No footprint found for comp R3
Adding component C1
ERROR: No footprint found for comp C1
Adding component D2
ERROR: No footprint found for comp D2
Adding component D3
ERROR: No footprint found for comp D3
Adding component J2
ERROR: No footprint found for comp J2
Adding component J3
ERROR: No footprint found for comp J3
Adding component Q1
ERROR: No footprint found for comp Q1
Adding component BT1
ERROR: No footprint found for comp BT1
Adding component Q2
ERROR: No footprint found for comp Q2
Adding component SW2
ERROR: No footprint found for comp SW2
*EOF*
Unable to complete ECO due to errors
15 errors found
