Wed Aug 22 11:08:53 Saved as file C:\MEUS DOCUMENTOS\PROJETOS\CORD„O TROPESSO\CORDA’ TROPE«O3.MAX
Wed Aug 22 11:08:53 Saved as file BACKUP1.MAX
Wed Aug 22 11:08:53 Saved as file C:\MEUS DOCUMENTOS\PROJETOS\CORD„O TROPESSO\CORDA’ TROPE«O3.MAX
Wed Aug 22 11:08:54 UserDiv from Layout.INI for AutoECO: 60
Wed Aug 22 11:09:45 Saved as file C:\MEUS DOCUMENTOS\PROJETOS\CORD„O TROPESSO\CORDA’ TROPE«O3.MAX
Wed Aug 22 11:09:45 Saved as file BACKUP1.MAX
Wed Aug 22 11:09:45 Saved as file C:\MEUS DOCUMENTOS\PROJETOS\CORD„O TROPESSO\CORDA’ TROPE«O3.MAX
Wed Aug 22 11:09:45 UserDiv from Layout.INI for AutoECO: 60
Wed Aug 22 11:11:05 Saved as file C:\MEUS DOCUMENTOS\PROJETOS\CORD„O TROPESSO\CORDA’ TROPE«O3.MAX
Wed Aug 22 11:11:05 Saved as file BACKUP1.MAX
Wed Aug 22 11:11:05 Saved as file C:\MEUS DOCUMENTOS\PROJETOS\CORD„O TROPESSO\CORDA’ TROPE«O3.MAX
Wed Aug 22 11:11:05 UserDiv from Layout.INI for AutoECO: 60
Wed Aug 22 11:13:15 Saved as file C:\MEUS DOCUMENTOS\PROJETOS\CORD„O TROPESSO\BACKUP1.MAX
Wed Aug 22 11:13:15 Saved as file BACKUP1.MAX
Wed Aug 22 11:13:15 Saved as file C:\MEUS DOCUMENTOS\PROJETOS\CORD„O TROPESSO\BACKUP1.MAX
Wed Aug 22 11:13:16 UserDiv from Layout.INI for AutoECO: 60
Wed Aug 22 11:16:25 Saved as file C:\MEUS DOCUMENTOS\PROJETOS\CORD„O TROPESSO\BACKUP1.MAX
Wed Aug 22 11:16:25 Saved as file BACKUP1.MAX
Wed Aug 22 11:16:25 Saved as file C:\MEUS DOCUMENTOS\PROJETOS\CORD„O TROPESSO\BACKUP1.MAX
Wed Aug 22 11:16:26 UserDiv from Layout.INI for AutoECO: 60
Wed Aug 22 11:26:08 Saved as file C:\MEUS DOCUMENTOS\PROJETOS\CORD„O TROPESSO\CORDA’ TROPE«O3.MAX
Wed Aug 22 11:26:08 Saved as file BACKUP1.MAX
Wed Aug 22 11:26:08 Saved as file C:\MEUS DOCUMENTOS\PROJETOS\CORD„O TROPESSO\CORDA’ TROPE«O3.MAX
Wed Aug 22 11:26:08 UserDiv from Layout.INI for AutoECO: 60
Wed Aug 22 11:28:29 Saved as file C:\MEUS DOCUMENTOS\PROJETOS\CORD„O TROPESSO\CORDA’ TROPE«O3.MAX
Wed Aug 22 11:28:29 Saved as file BACKUP1.MAX
Wed Aug 22 11:28:29 Saved as file C:\MEUS DOCUMENTOS\PROJETOS\CORD„O TROPESSO\CORDA’ TROPE«O3.MAX
Wed Aug 22 11:28:29 UserDiv from Layout.INI for AutoECO: 60
Wed Aug 22 14:37:08 Saved as file C:\MEUS DOCUMENTOS\PROJETOS\CORD„O TROPESSO\CORDA’ TROPE«O3.MAX
Wed Aug 22 14:37:08 Saved as file BACKUP1.MAX
Wed Aug 22 14:37:08 Saved as file C:\MEUS DOCUMENTOS\PROJETOS\CORD„O TROPESSO\CORDA’ TROPE«O3.MAX
Wed Aug 22 14:37:08 UserDiv from Layout.INI for AutoECO: 60
Wed Aug 22 14:37:37 Loaded file C:\MEUS DOCUMENTOS\PROJETOS\CORD„O TROPESSO\CORDA’ TROPE«O3.MAX
Wed Aug 22 14:37:37 Loaded file C:\MEUS DOCUMENTOS\PROJETOS\TEMPLATE\BLIBIO~1.LLB
Wed Aug 22 14:37:37 Loaded file C:\PROGRAM FILES\ORCAD\LAYOUT_PLUS\library\BCON100T.llb
Wed Aug 22 14:37:37 Loaded file C:\PROGRAM FILES\ORCAD\LAYOUT_PLUS\library\BCON156T.llb
Wed Aug 22 14:37:38 Loaded file C:\PROGRAM FILES\ORCAD\LAYOUT_PLUS\library\BGA.llb
Wed Aug 22 14:37:38 Loaded file C:\PROGRAM FILES\ORCAD\LAYOUT_PLUS\library\CLCC.llb
Wed Aug 22 14:37:39 Loaded file C:\PROGRAM FILES\ORCAD\LAYOUT_PLUS\library\DCON050T.llb
Wed Aug 22 14:37:39 Loaded file C:\PROGRAM FILES\ORCAD\LAYOUT_PLUS\library\DCON085T.llb
Wed Aug 22 14:37:39 Loaded file C:\PROGRAM FILES\ORCAD\LAYOUT_PLUS\library\DIMM050F.llb
Wed Aug 22 14:37:39 Loaded file C:\PROGRAM FILES\ORCAD\LAYOUT_PLUS\library\DIMM050T.llb
Wed Aug 22 14:37:39 Loaded file C:\PROGRAM FILES\ORCAD\LAYOUT_PLUS\library\DIN.llb
Wed Aug 22 14:37:39 Loaded file C:\PROGRAM FILES\ORCAD\LAYOUT_PLUS\library\DIP100B.llb
Wed Aug 22 14:37:39 Loaded file C:\PROGRAM FILES\ORCAD\LAYOUT_PLUS\library\DIP100T.llb
Wed Aug 22 14:37:39 Loaded file C:\PROGRAM FILES\ORCAD\LAYOUT_PLUS\library\DSUBT.llb
Wed Aug 22 14:37:40 Loaded file C:\PROGRAM FILES\ORCAD\LAYOUT_PLUS\library\DSUBT_HD.LLB
Wed Aug 22 14:37:40 Loaded file C:\PROGRAM FILES\ORCAD\LAYOUT_PLUS\library\ECON100T.llb
Wed Aug 22 14:37:40 Loaded file C:\PROGRAM FILES\ORCAD\LAYOUT_PLUS\library\FBUS.llb
Wed Aug 22 14:37:40 Loaded file C:\PROGRAM FILES\ORCAD\LAYOUT_PLUS\library\ISA.llb
Wed Aug 22 14:37:40 Loaded file C:\PROGRAM FILES\ORCAD\LAYOUT_PLUS\library\JUMPER.LLB
Wed Aug 22 14:37:40 Loaded file C:\PROGRAM FILES\ORCAD\LAYOUT_PLUS\library\LAYOUT.llb
Wed Aug 22 14:37:40 Loaded file C:\PROGRAM FILES\ORCAD\LAYOUT_PLUS\library\LCON100T.llb
Wed Aug 22 14:37:40 Loaded file C:\PROGRAM FILES\ORCAD\LAYOUT_PLUS\library\PC104.llb
Wed Aug 22 14:37:41 Loaded file C:\PROGRAM FILES\ORCAD\LAYOUT_PLUS\library\PCI.llb
Wed Aug 22 14:37:41 Loaded file C:\PROGRAM FILES\ORCAD\LAYOUT_PLUS\library\PCON100T.llb
Wed Aug 22 14:37:41 Loaded file C:\PROGRAM FILES\ORCAD\LAYOUT_PLUS\library\PCON156T.llb
Wed Aug 22 14:37:41 Loaded file C:\PROGRAM FILES\ORCAD\LAYOUT_PLUS\library\PGA.llb
Wed Aug 22 14:37:42 Loaded file C:\PROGRAM FILES\ORCAD\LAYOUT_PLUS\library\PLCC.llb
Wed Aug 22 14:37:43 Loaded file C:\PROGRAM FILES\ORCAD\LAYOUT_PLUS\library\QUAD.llb
Wed Aug 22 14:37:43 Loaded file C:\PROGRAM FILES\ORCAD\LAYOUT_PLUS\library\QUADB.llb
Wed Aug 22 14:37:43 Loaded file C:\PROGRAM FILES\ORCAD\LAYOUT_PLUS\library\RELAY.llb
Wed Aug 22 14:37:43 Loaded file C:\PROGRAM FILES\ORCAD\LAYOUT_PLUS\library\RF.llb
Wed Aug 22 14:37:43 Loaded file C:\PROGRAM FILES\ORCAD\LAYOUT_PLUS\library\SBUS.llb
Wed Aug 22 14:37:43 Loaded file C:\PROGRAM FILES\ORCAD\LAYOUT_PLUS\library\SIMM050F.llb
Wed Aug 22 14:37:44 Loaded file C:\PROGRAM FILES\ORCAD\LAYOUT_PLUS\library\SIMM050T.llb
Wed Aug 22 14:37:44 Loaded file C:\PROGRAM FILES\ORCAD\LAYOUT_PLUS\library\SIMM100F.llb
Wed Aug 22 14:37:44 Loaded file C:\PROGRAM FILES\ORCAD\LAYOUT_PLUS\library\SIMM100T.llb
Wed Aug 22 14:37:44 Loaded file C:\PROGRAM FILES\ORCAD\LAYOUT_PLUS\library\SIP.llb
Wed Aug 22 14:37:44 Loaded file C:\PROGRAM FILES\ORCAD\LAYOUT_PLUS\library\SM.llb
Wed Aug 22 14:37:45 Loaded file C:\PROGRAM FILES\ORCAD\LAYOUT_PLUS\library\SOG.llb
Wed Aug 22 14:37:45 Loaded file C:\PROGRAM FILES\ORCAD\LAYOUT_PLUS\library\SOJ.llb
Wed Aug 22 14:37:45 Loaded file C:\PROGRAM FILES\ORCAD\LAYOUT_PLUS\library\STIFF.llb
Wed Aug 22 14:37:45 Loaded file C:\PROGRAM FILES\ORCAD\LAYOUT_PLUS\library\TELE.llb
Wed Aug 22 14:37:46 Loaded file C:\PROGRAM FILES\ORCAD\LAYOUT_PLUS\library\TM_AXIAL.llb
Wed Aug 22 14:37:46 Loaded file C:\PROGRAM FILES\ORCAD\LAYOUT_PLUS\library\TM_CAP_P.llb
Wed Aug 22 14:37:46 Loaded file C:\PROGRAM FILES\ORCAD\LAYOUT_PLUS\library\TM_CYLND.llb
Wed Aug 22 14:37:46 Loaded file C:\PROGRAM FILES\ORCAD\LAYOUT_PLUS\library\TM_DIODE.llb
Wed Aug 22 14:37:47 Loaded file C:\PROGRAM FILES\ORCAD\LAYOUT_PLUS\library\TM_DISC.llb
Wed Aug 22 14:37:47 Loaded file C:\PROGRAM FILES\ORCAD\LAYOUT_PLUS\library\TM_RAD.llb
Wed Aug 22 14:37:47 Loaded file C:\PROGRAM FILES\ORCAD\LAYOUT_PLUS\library\TO.llb
Wed Aug 22 14:37:48 Loaded file C:\PROGRAM FILES\ORCAD\LAYOUT_PLUS\library\TRAINING.LLB
Wed Aug 22 14:37:48 Loaded file C:\PROGRAM FILES\ORCAD\LAYOUT_PLUS\library\VRES.llb
Wed Aug 22 14:37:48 Loaded file C:\PROGRAM FILES\ORCAD\LAYOUT_PLUS\library\WCON100T.llb
Wed Aug 22 14:37:48 Loaded file C:\PROGRAM FILES\ORCAD\LAYOUT_PLUS\library\XT.llb
Wed Aug 22 14:37:48 Loaded file C:\PROGRAM FILES\ORCAD\LAYOUT_PLUS\library\ZIGZAG.llb
Wed Aug 22 14:37:59 Loaded file C:\MEUS DOCUMENTOS\PROJETOS\TEMPLATE\BLIBIO~1.LLB
Wed Aug 22 14:37:59 Loaded file C:\MEUS DOCUMENTOS\PROJETOS\TEMPLATE\BLIBIO~1.LLB
Wed Aug 22 14:38:00 Loaded file C:\PROGRAM FILES\ORCAD\LAYOUT_PLUS\library\TM_AXIAL.llb
Wed Aug 22 14:38:00 Loaded file C:\MEUS DOCUMENTOS\PROJETOS\TEMPLATE\BLIBIO~1.LLB
Wed Aug 22 14:38:00 Loaded file C:\MEUS DOCUMENTOS\PROJETOS\TEMPLATE\BLIBIO~1.LLB
Wed Aug 22 14:38:00 Loaded file C:\MEUS DOCUMENTOS\PROJETOS\TEMPLATE\BLIBIO~1.LLB
Wed Aug 22 14:38:01 Loaded file C:\MEUS DOCUMENTOS\PROJETOS\TEMPLATE\BLIBIO~1.LLB
Wed Aug 22 14:38:04 Loaded file C:\PROGRAM FILES\ORCAD\LAYOUT_PLUS\data\template.imp
Wed Aug 22 14:38:04 Loaded file C:\PROGRAM FILES\ORCAD\LAYOUT_PLUS\data\template.imp
Wed Aug 22 14:38:08 Loaded file C:\MEUS DOCUMENTOS\PROJETOS\TEMPLATE\BLIBIO~1.LLB
Wed Aug 22 14:38:13 Loaded file C:\PROGRAM FILES\ORCAD\LAYOUT_PLUS\data\template.imp
Wed Aug 22 14:38:15 Loaded file C:\MEUS DOCUMENTOS\PROJETOS\TEMPLATE\BLIBIO~1.LLB
Wed Aug 22 14:38:17 Loaded file C:\PROGRAM FILES\ORCAD\LAYOUT_PLUS\data\template.imp
Wed Aug 22 14:38:18 Loaded file C:\PROGRAM FILES\ORCAD\LAYOUT_PLUS\data\template.imp
Wed Aug 22 14:38:24 Loaded file C:\PROGRAM FILES\ORCAD\LAYOUT_PLUS\data\template.imp
Wed Aug 22 14:38:25 Loaded file C:\MEUS DOCUMENTOS\PROJETOS\TEMPLATE\BLIBIO~1.LLB
Wed Aug 22 14:39:21 Loaded file C:\PROGRAM FILES\ORCAD\LAYOUT_PLUS\data\template.imp
Wed Aug 22 14:39:21 Loaded file C:\PROGRAM FILES\ORCAD\LAYOUT_PLUS\data\template.imp
Wed Aug 22 14:39:34 Loaded file C:\MEUS DOCUMENTOS\PROJETOS\TEMPLATE\BLIBIO~1.LLB
Wed Aug 22 14:39:37 Loaded file C:\PROGRAM FILES\ORCAD\LAYOUT_PLUS\data\template.imp
Wed Aug 22 14:39:40 Loaded file C:\PROGRAM FILES\ORCAD\LAYOUT_PLUS\data\template.imp
Wed Aug 22 14:39:48 Loaded file C:\PROGRAM FILES\ORCAD\LAYOUT_PLUS\data\template.imp
Wed Aug 22 14:39:50 Loaded file C:\PROGRAM FILES\ORCAD\LAYOUT_PLUS\data\template.imp
Wed Aug 22 14:39:51 Loaded file C:\MEUS DOCUMENTOS\PROJETOS\TEMPLATE\BLIBIO~1.LLB
Wed Aug 22 14:40:11 Saved as file C:\MEUS DOCUMENTOS\PROJETOS\CORD„O TROPESSO\CORDA’ TROPE«O3.MAX
Wed Aug 22 14:44:29 Loaded file C:\MEUS DOCUMENTOS\PROJETOS\CORD„O TROPESSO\CORDA’ TROPE«O3.MAX
Wed Aug 22 14:44:29 Loaded file C:\MEUS DOCUMENTOS\PROJETOS\TEMPLATE\BLIBIO~1.LLB
Wed Aug 22 14:44:29 Loaded file C:\PROGRAM FILES\ORCAD\LAYOUT_PLUS\library\BCON100T.llb
Wed Aug 22 14:44:30 Loaded file C:\PROGRAM FILES\ORCAD\LAYOUT_PLUS\library\BCON156T.llb
Wed Aug 22 14:44:30 Loaded file C:\PROGRAM FILES\ORCAD\LAYOUT_PLUS\library\BGA.llb
Wed Aug 22 14:44:30 Loaded file C:\PROGRAM FILES\ORCAD\LAYOUT_PLUS\library\CLCC.llb
Wed Aug 22 14:44:31 Loaded file C:\PROGRAM FILES\ORCAD\LAYOUT_PLUS\library\DCON050T.llb
Wed Aug 22 14:44:31 Loaded file C:\PROGRAM FILES\ORCAD\LAYOUT_PLUS\library\DCON085T.llb
Wed Aug 22 14:44:31 Loaded file C:\PROGRAM FILES\ORCAD\LAYOUT_PLUS\library\DIMM050F.llb
Wed Aug 22 14:44:31 Loaded file C:\PROGRAM FILES\ORCAD\LAYOUT_PLUS\library\DIMM050T.llb
Wed Aug 22 14:44:31 Loaded file C:\PROGRAM FILES\ORCAD\LAYOUT_PLUS\library\DIN.llb
Wed Aug 22 14:44:31 Loaded file C:\PROGRAM FILES\ORCAD\LAYOUT_PLUS\library\DIP100B.llb
Wed Aug 22 14:44:31 Loaded file C:\PROGRAM FILES\ORCAD\LAYOUT_PLUS\library\DIP100T.llb
Wed Aug 22 14:44:31 Loaded file C:\PROGRAM FILES\ORCAD\LAYOUT_PLUS\library\DSUBT.llb
Wed Aug 22 14:44:31 Loaded file C:\PROGRAM FILES\ORCAD\LAYOUT_PLUS\library\DSUBT_HD.LLB
Wed Aug 22 14:44:31 Loaded file C:\PROGRAM FILES\ORCAD\LAYOUT_PLUS\library\ECON100T.llb
Wed Aug 22 14:44:32 Loaded file C:\PROGRAM FILES\ORCAD\LAYOUT_PLUS\library\FBUS.llb
Wed Aug 22 14:44:32 Loaded file C:\PROGRAM FILES\ORCAD\LAYOUT_PLUS\library\ISA.llb
Wed Aug 22 14:44:32 Loaded file C:\PROGRAM FILES\ORCAD\LAYOUT_PLUS\library\JUMPER.LLB
Wed Aug 22 14:44:32 Loaded file C:\PROGRAM FILES\ORCAD\LAYOUT_PLUS\library\LAYOUT.llb
Wed Aug 22 14:44:32 Loaded file C:\PROGRAM FILES\ORCAD\LAYOUT_PLUS\library\LCON100T.llb
Wed Aug 22 14:44:32 Loaded file C:\PROGRAM FILES\ORCAD\LAYOUT_PLUS\library\PC104.llb
Wed Aug 22 14:44:32 Loaded file C:\PROGRAM FILES\ORCAD\LAYOUT_PLUS\library\PCI.llb
Wed Aug 22 14:44:32 Loaded file C:\PROGRAM FILES\ORCAD\LAYOUT_PLUS\library\PCON100T.llb
Wed Aug 22 14:44:32 Loaded file C:\PROGRAM FILES\ORCAD\LAYOUT_PLUS\library\PCON156T.llb
Wed Aug 22 14:44:33 Loaded file C:\PROGRAM FILES\ORCAD\LAYOUT_PLUS\library\PGA.llb
Wed Aug 22 14:44:33 Loaded file C:\PROGRAM FILES\ORCAD\LAYOUT_PLUS\library\PLCC.llb
Wed Aug 22 14:44:34 Loaded file C:\PROGRAM FILES\ORCAD\LAYOUT_PLUS\library\QUAD.llb
Wed Aug 22 14:44:34 Loaded file C:\PROGRAM FILES\ORCAD\LAYOUT_PLUS\library\QUADB.llb
Wed Aug 22 14:44:34 Loaded file C:\PROGRAM FILES\ORCAD\LAYOUT_PLUS\library\RELAY.llb
Wed Aug 22 14:44:34 Loaded file C:\PROGRAM FILES\ORCAD\LAYOUT_PLUS\library\RF.llb
Wed Aug 22 14:44:34 Loaded file C:\PROGRAM FILES\ORCAD\LAYOUT_PLUS\library\SBUS.llb
Wed Aug 22 14:44:34 Loaded file C:\PROGRAM FILES\ORCAD\LAYOUT_PLUS\library\SIMM050F.llb
Wed Aug 22 14:44:35 Loaded file C:\PROGRAM FILES\ORCAD\LAYOUT_PLUS\library\SIMM050T.llb
Wed Aug 22 14:44:35 Loaded file C:\PROGRAM FILES\ORCAD\LAYOUT_PLUS\library\SIMM100F.llb
Wed Aug 22 14:44:35 Loaded file C:\PROGRAM FILES\ORCAD\LAYOUT_PLUS\library\SIMM100T.llb
Wed Aug 22 14:44:35 Loaded file C:\PROGRAM FILES\ORCAD\LAYOUT_PLUS\library\SIP.llb
Wed Aug 22 14:44:35 Loaded file C:\PROGRAM FILES\ORCAD\LAYOUT_PLUS\library\SM.llb
Wed Aug 22 14:44:35 Loaded file C:\PROGRAM FILES\ORCAD\LAYOUT_PLUS\library\SOG.llb
Wed Aug 22 14:44:36 Loaded file C:\PROGRAM FILES\ORCAD\LAYOUT_PLUS\library\SOJ.llb
Wed Aug 22 14:44:36 Loaded file C:\PROGRAM FILES\ORCAD\LAYOUT_PLUS\library\STIFF.llb
Wed Aug 22 14:44:36 Loaded file C:\PROGRAM FILES\ORCAD\LAYOUT_PLUS\library\TELE.llb
Wed Aug 22 14:44:36 Loaded file C:\PROGRAM FILES\ORCAD\LAYOUT_PLUS\library\TM_AXIAL.llb
Wed Aug 22 14:44:36 Loaded file C:\PROGRAM FILES\ORCAD\LAYOUT_PLUS\library\TM_CAP_P.llb
Wed Aug 22 14:44:37 Loaded file C:\PROGRAM FILES\ORCAD\LAYOUT_PLUS\library\TM_CYLND.llb
Wed Aug 22 14:44:37 Loaded file C:\PROGRAM FILES\ORCAD\LAYOUT_PLUS\library\TM_DIODE.llb
Wed Aug 22 14:44:37 Loaded file C:\PROGRAM FILES\ORCAD\LAYOUT_PLUS\library\TM_DISC.llb
Wed Aug 22 14:44:37 Loaded file C:\PROGRAM FILES\ORCAD\LAYOUT_PLUS\library\TM_RAD.llb
Wed Aug 22 14:44:38 Loaded file C:\PROGRAM FILES\ORCAD\LAYOUT_PLUS\library\TO.llb
Wed Aug 22 14:44:38 Loaded file C:\PROGRAM FILES\ORCAD\LAYOUT_PLUS\library\TRAINING.LLB
Wed Aug 22 14:44:38 Loaded file C:\PROGRAM FILES\ORCAD\LAYOUT_PLUS\library\VRES.llb
Wed Aug 22 14:44:38 Loaded file C:\PROGRAM FILES\ORCAD\LAYOUT_PLUS\library\WCON100T.llb
Wed Aug 22 14:44:39 Loaded file C:\PROGRAM FILES\ORCAD\LAYOUT_PLUS\library\XT.llb
Wed Aug 22 14:44:39 Loaded file C:\PROGRAM FILES\ORCAD\LAYOUT_PLUS\library\ZIGZAG.llb
Wed Aug 22 14:44:54 Saved as file C:\MEUS DOCUMENTOS\PROJETOS\CORD„O TROPESSO\CORDA’ TROPE«O3.MAX
Wed Aug 22 15:06:16 Saved as file C:\MEUS DOCUMENTOS\PROJETOS\CORD„O TROPESSO\CORDA’ TROPE«O3.MAX
Wed Aug 22 15:06:16 Saved as file BACKUP1.MAX
Wed Aug 22 15:06:16 Saved as file C:\MEUS DOCUMENTOS\PROJETOS\CORD„O TROPESSO\CORDA’ TROPE«O3.MAX
Wed Aug 22 15:06:17 UserDiv from Layout.INI for AutoECO: 60
Wed Aug 22 15:06:44 Loaded file C:\MEUS DOCUMENTOS\PROJETOS\CORD„O TROPESSO\CORDA’ TROPE«O3.MAX
Wed Aug 22 15:06:46 Saved as file BACKUP1.MAX
Wed Aug 22 15:06:46 Saved as file C:\MEUS DOCUMENTOS\PROJETOS\CORD„O TROPESSO\CORDA’ TROPE«O3.MAX
Wed Aug 22 15:06:46 UserDiv from Layout.INI for AutoECO: 60
Wed Aug 22 15:07:10 Loaded file C:\MEUS DOCUMENTOS\PROJETOS\CORD„O TROPESSO\BACKUP1.MAX
Wed Aug 22 15:07:12 Saved as file BACKUP1.MAX
Wed Aug 22 15:07:12 Saved as file C:\MEUS DOCUMENTOS\PROJETOS\CORD„O TROPESSO\BACKUP1.MAX
Wed Aug 22 15:07:12 UserDiv from Layout.INI for AutoECO: 60
Wed Aug 22 15:08:10 Loaded file C:\MEUS DOCUMENTOS\PROJETOS\CORD„O TROPESSO\BACKUP1.MAX
Wed Aug 22 15:08:11 Loaded file C:\PROGRAM FILES\ORCAD\LAYOUT_PLUS\library\BCON100T.llb
Wed Aug 22 15:08:11 Loaded file C:\PROGRAM FILES\ORCAD\LAYOUT_PLUS\library\BCON156T.llb
Wed Aug 22 15:08:12 Loaded file C:\PROGRAM FILES\ORCAD\LAYOUT_PLUS\library\BGA.llb
Wed Aug 22 15:08:12 Loaded file C:\PROGRAM FILES\ORCAD\LAYOUT_PLUS\library\CLCC.llb
Wed Aug 22 15:08:12 Loaded file C:\PROGRAM FILES\ORCAD\LAYOUT_PLUS\library\DCON050T.llb
Wed Aug 22 15:08:12 Loaded file C:\PROGRAM FILES\ORCAD\LAYOUT_PLUS\library\DCON085T.llb
Wed Aug 22 15:08:12 Loaded file C:\PROGRAM FILES\ORCAD\LAYOUT_PLUS\library\DIMM050F.llb
Wed Aug 22 15:08:13 Loaded file C:\PROGRAM FILES\ORCAD\LAYOUT_PLUS\library\DIMM050T.llb
Wed Aug 22 15:08:13 Loaded file C:\PROGRAM FILES\ORCAD\LAYOUT_PLUS\library\DIN.llb
Wed Aug 22 15:08:13 Loaded file C:\PROGRAM FILES\ORCAD\LAYOUT_PLUS\library\DIP100B.llb
Wed Aug 22 15:08:13 Loaded file C:\PROGRAM FILES\ORCAD\LAYOUT_PLUS\library\DIP100T.llb
Wed Aug 22 15:08:13 Loaded file C:\PROGRAM FILES\ORCAD\LAYOUT_PLUS\library\DSUBT.llb
Wed Aug 22 15:08:13 Loaded file C:\PROGRAM FILES\ORCAD\LAYOUT_PLUS\library\DSUBT_HD.LLB
Wed Aug 22 15:08:13 Loaded file C:\PROGRAM FILES\ORCAD\LAYOUT_PLUS\library\ECON100T.llb
Wed Aug 22 15:08:14 Loaded file C:\PROGRAM FILES\ORCAD\LAYOUT_PLUS\library\FBUS.llb
Wed Aug 22 15:08:14 Loaded file C:\PROGRAM FILES\ORCAD\LAYOUT_PLUS\library\ISA.llb
Wed Aug 22 15:08:14 Loaded file C:\PROGRAM FILES\ORCAD\LAYOUT_PLUS\library\JUMPER.LLB
Wed Aug 22 15:08:14 Loaded file C:\PROGRAM FILES\ORCAD\LAYOUT_PLUS\library\LAYOUT.llb
Wed Aug 22 15:08:14 Loaded file C:\PROGRAM FILES\ORCAD\LAYOUT_PLUS\library\LCON100T.llb
Wed Aug 22 15:08:14 Loaded file C:\PROGRAM FILES\ORCAD\LAYOUT_PLUS\library\PC104.llb
Wed Aug 22 15:08:14 Loaded file C:\PROGRAM FILES\ORCAD\LAYOUT_PLUS\library\PCI.llb
Wed Aug 22 15:08:14 Loaded file C:\PROGRAM FILES\ORCAD\LAYOUT_PLUS\library\PCON100T.llb
Wed Aug 22 15:08:15 Loaded file C:\PROGRAM FILES\ORCAD\LAYOUT_PLUS\library\PCON156T.llb
Wed Aug 22 15:08:15 Loaded file C:\PROGRAM FILES\ORCAD\LAYOUT_PLUS\library\PGA.llb
Wed Aug 22 15:08:15 Loaded file C:\PROGRAM FILES\ORCAD\LAYOUT_PLUS\library\PLCC.llb
Wed Aug 22 15:08:16 Loaded file C:\PROGRAM FILES\ORCAD\LAYOUT_PLUS\library\QUAD.llb
Wed Aug 22 15:08:17 Loaded file C:\PROGRAM FILES\ORCAD\LAYOUT_PLUS\library\QUADB.llb
Wed Aug 22 15:08:17 Loaded file C:\PROGRAM FILES\ORCAD\LAYOUT_PLUS\library\RELAY.llb
Wed Aug 22 15:08:17 Loaded file C:\PROGRAM FILES\ORCAD\LAYOUT_PLUS\library\RF.llb
Wed Aug 22 15:08:17 Loaded file C:\PROGRAM FILES\ORCAD\LAYOUT_PLUS\library\SBUS.llb
Wed Aug 22 15:08:17 Loaded file C:\PROGRAM FILES\ORCAD\LAYOUT_PLUS\library\SIMM050F.llb
Wed Aug 22 15:08:18 Loaded file C:\PROGRAM FILES\ORCAD\LAYOUT_PLUS\library\SIMM050T.llb
Wed Aug 22 15:08:18 Loaded file C:\PROGRAM FILES\ORCAD\LAYOUT_PLUS\library\SIMM100F.llb
Wed Aug 22 15:08:18 Loaded file C:\PROGRAM FILES\ORCAD\LAYOUT_PLUS\library\SIMM100T.llb
Wed Aug 22 15:08:18 Loaded file C:\PROGRAM FILES\ORCAD\LAYOUT_PLUS\library\SIP.llb
Wed Aug 22 15:08:18 Loaded file C:\PROGRAM FILES\ORCAD\LAYOUT_PLUS\library\SM.llb
Wed Aug 22 15:08:19 Loaded file C:\PROGRAM FILES\ORCAD\LAYOUT_PLUS\library\SOG.llb
Wed Aug 22 15:08:19 Loaded file C:\PROGRAM FILES\ORCAD\LAYOUT_PLUS\library\SOJ.llb
Wed Aug 22 15:08:19 Loaded file C:\PROGRAM FILES\ORCAD\LAYOUT_PLUS\library\STIFF.llb
Wed Aug 22 15:08:19 Loaded file C:\PROGRAM FILES\ORCAD\LAYOUT_PLUS\library\TELE.llb
Wed Aug 22 15:08:19 Loaded file C:\PROGRAM FILES\ORCAD\LAYOUT_PLUS\library\TM_AXIAL.llb
Wed Aug 22 15:08:20 Loaded file C:\PROGRAM FILES\ORCAD\LAYOUT_PLUS\library\TM_CAP_P.llb
Wed Aug 22 15:08:20 Loaded file C:\PROGRAM FILES\ORCAD\LAYOUT_PLUS\library\TM_CYLND.llb
Wed Aug 22 15:08:20 Loaded file C:\PROGRAM FILES\ORCAD\LAYOUT_PLUS\library\TM_DIODE.llb
Wed Aug 22 15:08:20 Loaded file C:\PROGRAM FILES\ORCAD\LAYOUT_PLUS\library\TM_DISC.llb
Wed Aug 22 15:08:21 Loaded file C:\PROGRAM FILES\ORCAD\LAYOUT_PLUS\library\TM_RAD.llb
Wed Aug 22 15:08:21 Loaded file C:\PROGRAM FILES\ORCAD\LAYOUT_PLUS\library\TO.llb
Wed Aug 22 15:08:21 Loaded file C:\PROGRAM FILES\ORCAD\LAYOUT_PLUS\library\TRAINING.LLB
Wed Aug 22 15:08:21 Loaded file C:\PROGRAM FILES\ORCAD\LAYOUT_PLUS\library\VRES.llb
Wed Aug 22 15:08:22 Loaded file C:\PROGRAM FILES\ORCAD\LAYOUT_PLUS\library\WCON100T.llb
Wed Aug 22 15:08:22 Loaded file C:\PROGRAM FILES\ORCAD\LAYOUT_PLUS\library\XT.llb
Wed Aug 22 15:08:22 Loaded file C:\PROGRAM FILES\ORCAD\LAYOUT_PLUS\library\ZIGZAG.llb
Wed Aug 22 15:08:31 Library file not found:USER.PRT
Wed Aug 22 15:08:31 Library file not found:USER.PRT
Wed Aug 22 15:08:34 Library file not found:USER.PRT
Wed Aug 22 15:08:34 Library file not found:USER.PRT
Wed Aug 22 15:08:35 Library file not found:USER.PRT
Wed Aug 22 15:08:35 Library file not found:USER.PRT
Wed Aug 22 15:08:36 Library file not found:USER.PRT
Wed Aug 22 15:08:36 Library file not found:USER.PRT
Wed Aug 22 15:08:37 Library file not found:USER.PRT
Wed Aug 22 15:08:37 Library file not found:USER.PRT
Wed Aug 22 15:08:38 Library file not found:USER.PRT
Wed Aug 22 15:08:38 Library file not found:USER.PRT
Wed Aug 22 15:08:38 Library file not found:USER.PRT
Wed Aug 22 15:08:39 Library file not found:USER.PRT
Wed Aug 22 15:08:39 Library file not found:USER.PRT
Wed Aug 22 15:08:39 Library file not found:USER.PRT
Wed Aug 22 15:08:40 Library file not found:USER.PRT
Wed Aug 22 15:08:40 Library file not found:USER.PRT
Wed Aug 22 15:08:41 Library file not found:USER.PRT
Wed Aug 22 15:08:41 Library file not found:USER.PRT
Wed Aug 22 15:08:42 Library file not found:USER.PRT
Wed Aug 22 15:08:42 Library file not found:USER.PRT
Wed Aug 22 15:08:43 Library file not found:USER.PRT
Wed Aug 22 15:08:43 Library file not found:USER.PRT
Wed Aug 22 15:08:44 Library file not found:USER.PRT
Wed Aug 22 15:08:44 Library file not found:USER.PRT
Wed Aug 22 15:08:46 Library file not found:USER.PRT
Wed Aug 22 15:08:46 Library file not found:USER.PRT
Wed Aug 22 15:08:46 Library file not found:USER.PRT
Wed Aug 22 15:08:47 Library file not found:USER.PRT
Wed Aug 22 15:08:47 Library file not found:USER.PRT
Wed Aug 22 15:08:47 Library file not found:USER.PRT
Wed Aug 22 15:08:48 Library file not found:USER.PRT
Wed Aug 22 15:08:48 Library file not found:USER.PRT
Wed Aug 22 15:08:49 Library file not found:USER.PRT
Wed Aug 22 15:08:49 Library file not found:USER.PRT
Wed Aug 22 15:08:49 Library file not found:USER.PRT
Wed Aug 22 15:08:54 Loaded file C:\PROGRAM FILES\ORCAD\LAYOUT_PLUS\data\DEFAULT.MAX
Wed Aug 22 15:08:54 Loaded file C:\PROGRAM FILES\ORCAD\LAYOUT_PLUS\data\template.imp
Wed Aug 22 15:08:55 Loaded file C:\PROGRAM FILES\ORCAD\LAYOUT_PLUS\data\template.imp
Wed Aug 22 15:09:01 Loaded file C:\PROGRAM FILES\ORCAD\LAYOUT_PLUS\library\BCON100T.llb
Wed Aug 22 15:09:02 Loaded file C:\PROGRAM FILES\ORCAD\LAYOUT_PLUS\library\BCON156T.llb
Wed Aug 22 15:09:02 Loaded file C:\PROGRAM FILES\ORCAD\LAYOUT_PLUS\library\BGA.llb
Wed Aug 22 15:09:03 Loaded file C:\PROGRAM FILES\ORCAD\LAYOUT_PLUS\library\CLCC.llb
Wed Aug 22 15:09:03 Loaded file C:\PROGRAM FILES\ORCAD\LAYOUT_PLUS\library\DCON050T.llb
Wed Aug 22 15:09:03 Loaded file C:\PROGRAM FILES\ORCAD\LAYOUT_PLUS\library\DCON085T.llb
Wed Aug 22 15:09:03 Loaded file C:\PROGRAM FILES\ORCAD\LAYOUT_PLUS\library\DIMM050F.llb
Wed Aug 22 15:09:03 Loaded file C:\PROGRAM FILES\ORCAD\LAYOUT_PLUS\library\DIMM050T.llb
Wed Aug 22 15:09:03 Loaded file C:\PROGRAM FILES\ORCAD\LAYOUT_PLUS\library\DIN.llb
Wed Aug 22 15:09:03 Loaded file C:\PROGRAM FILES\ORCAD\LAYOUT_PLUS\library\DIP100B.llb
Wed Aug 22 15:09:03 Loaded file C:\PROGRAM FILES\ORCAD\LAYOUT_PLUS\library\DIP100T.llb
Wed Aug 22 15:09:03 Loaded file C:\PROGRAM FILES\ORCAD\LAYOUT_PLUS\library\DSUBT.llb
Wed Aug 22 15:09:03 Loaded file C:\PROGRAM FILES\ORCAD\LAYOUT_PLUS\library\DSUBT_HD.LLB
Wed Aug 22 15:09:04 Loaded file C:\PROGRAM FILES\ORCAD\LAYOUT_PLUS\library\ECON100T.llb
Wed Aug 22 15:09:04 Loaded file C:\PROGRAM FILES\ORCAD\LAYOUT_PLUS\library\FBUS.llb
Wed Aug 22 15:09:04 Loaded file C:\PROGRAM FILES\ORCAD\LAYOUT_PLUS\library\ISA.llb
Wed Aug 22 15:09:04 Loaded file C:\PROGRAM FILES\ORCAD\LAYOUT_PLUS\library\JUMPER.LLB
Wed Aug 22 15:09:04 Loaded file C:\PROGRAM FILES\ORCAD\LAYOUT_PLUS\library\LAYOUT.llb
Wed Aug 22 15:09:04 Loaded file C:\PROGRAM FILES\ORCAD\LAYOUT_PLUS\library\LCON100T.llb
Wed Aug 22 15:09:04 Loaded file C:\PROGRAM FILES\ORCAD\LAYOUT_PLUS\library\PC104.llb
Wed Aug 22 15:09:04 Loaded file C:\PROGRAM FILES\ORCAD\LAYOUT_PLUS\library\PCI.llb
Wed Aug 22 15:09:04 Loaded file C:\PROGRAM FILES\ORCAD\LAYOUT_PLUS\library\PCON100T.llb
Wed Aug 22 15:09:05 Loaded file C:\PROGRAM FILES\ORCAD\LAYOUT_PLUS\library\PCON156T.llb
Wed Aug 22 15:09:05 Loaded file C:\PROGRAM FILES\ORCAD\LAYOUT_PLUS\library\PGA.llb
Wed Aug 22 15:09:05 Loaded file C:\PROGRAM FILES\ORCAD\LAYOUT_PLUS\library\PLCC.llb
Wed Aug 22 15:09:06 Loaded file C:\PROGRAM FILES\ORCAD\LAYOUT_PLUS\library\QUAD.llb
Wed Aug 22 15:09:06 Loaded file C:\PROGRAM FILES\ORCAD\LAYOUT_PLUS\library\QUADB.llb
Wed Aug 22 15:09:06 Loaded file C:\PROGRAM FILES\ORCAD\LAYOUT_PLUS\library\RELAY.llb
Wed Aug 22 15:09:07 Loaded file C:\PROGRAM FILES\ORCAD\LAYOUT_PLUS\library\RF.llb
Wed Aug 22 15:09:07 Loaded file C:\PROGRAM FILES\ORCAD\LAYOUT_PLUS\library\SBUS.llb
Wed Aug 22 15:09:07 Loaded file C:\PROGRAM FILES\ORCAD\LAYOUT_PLUS\library\SIMM050F.llb
Wed Aug 22 15:09:07 Loaded file C:\PROGRAM FILES\ORCAD\LAYOUT_PLUS\library\SIMM050T.llb
Wed Aug 22 15:09:07 Loaded file C:\PROGRAM FILES\ORCAD\LAYOUT_PLUS\library\SIMM100F.llb
Wed Aug 22 15:09:07 Loaded file C:\PROGRAM FILES\ORCAD\LAYOUT_PLUS\library\SIMM100T.llb
Wed Aug 22 15:09:07 Loaded file C:\PROGRAM FILES\ORCAD\LAYOUT_PLUS\library\SIP.llb
Wed Aug 22 15:09:07 Loaded file C:\PROGRAM FILES\ORCAD\LAYOUT_PLUS\library\SM.llb
Wed Aug 22 15:09:08 Loaded file C:\PROGRAM FILES\ORCAD\LAYOUT_PLUS\library\SOG.llb
Wed Aug 22 15:09:08 Loaded file C:\PROGRAM FILES\ORCAD\LAYOUT_PLUS\library\SOJ.llb
Wed Aug 22 15:09:08 Loaded file C:\PROGRAM FILES\ORCAD\LAYOUT_PLUS\library\STIFF.llb
Wed Aug 22 15:09:08 Loaded file C:\PROGRAM FILES\ORCAD\LAYOUT_PLUS\library\TELE.llb
Wed Aug 22 15:09:08 Loaded file C:\PROGRAM FILES\ORCAD\LAYOUT_PLUS\library\TM_AXIAL.llb
Wed Aug 22 15:09:09 Loaded file C:\PROGRAM FILES\ORCAD\LAYOUT_PLUS\library\TM_CAP_P.llb
Wed Aug 22 15:09:09 Loaded file C:\PROGRAM FILES\ORCAD\LAYOUT_PLUS\library\TM_CYLND.llb
Wed Aug 22 15:09:09 Loaded file C:\PROGRAM FILES\ORCAD\LAYOUT_PLUS\library\TM_DIODE.llb
Wed Aug 22 15:09:09 Loaded file C:\PROGRAM FILES\ORCAD\LAYOUT_PLUS\library\TM_DISC.llb
Wed Aug 22 15:09:09 Loaded file C:\PROGRAM FILES\ORCAD\LAYOUT_PLUS\library\TM_RAD.llb
Wed Aug 22 15:09:10 Loaded file C:\PROGRAM FILES\ORCAD\LAYOUT_PLUS\library\TO.llb
Wed Aug 22 15:09:10 Loaded file C:\PROGRAM FILES\ORCAD\LAYOUT_PLUS\library\TRAINING.LLB
Wed Aug 22 15:09:10 Loaded file C:\PROGRAM FILES\ORCAD\LAYOUT_PLUS\library\VRES.llb
Wed Aug 22 15:09:11 Loaded file C:\PROGRAM FILES\ORCAD\LAYOUT_PLUS\library\WCON100T.llb
Wed Aug 22 15:09:11 Loaded file C:\PROGRAM FILES\ORCAD\LAYOUT_PLUS\library\XT.llb
Wed Aug 22 15:09:11 Loaded file C:\PROGRAM FILES\ORCAD\LAYOUT_PLUS\library\ZIGZAG.llb
Wed Aug 22 15:09:11 Library file not found:USER.PRT
Wed Aug 22 15:09:11 Library file not found:USER.PRT
Wed Aug 22 15:09:11 Library file not found:USER.PRT
Wed Aug 22 15:09:11 Library file not found:USER.PRT
Wed Aug 22 15:09:11 Library file not found:USER.PRT
Wed Aug 22 15:09:12 Library file not found:USER.PRT
Wed Aug 22 15:09:12 Library file not found:USER.PRT
Wed Aug 22 15:09:12 Library file not found:USER.PRT
Wed Aug 22 15:09:12 Library file not found:USER.PRT
Wed Aug 22 15:09:12 Library file not found:USER.PRT
Wed Aug 22 15:09:33 Loaded file C:\MEUS DOCUMENTOS\PROJETOS\CORD„O TROPESSO\BACKUP1.MAX
Wed Aug 22 15:09:34 Loaded file C:\PROGRAM FILES\ORCAD\LAYOUT_PLUS\library\BCON100T.llb
Wed Aug 22 15:09:34 Loaded file C:\PROGRAM FILES\ORCAD\LAYOUT_PLUS\library\BCON156T.llb
Wed Aug 22 15:09:35 Loaded file C:\PROGRAM FILES\ORCAD\LAYOUT_PLUS\library\BGA.llb
Wed Aug 22 15:09:35 Loaded file C:\PROGRAM FILES\ORCAD\LAYOUT_PLUS\library\CLCC.llb
Wed Aug 22 15:09:35 Loaded file C:\PROGRAM FILES\ORCAD\LAYOUT_PLUS\library\DCON050T.llb
Wed Aug 22 15:09:35 Loaded file C:\PROGRAM FILES\ORCAD\LAYOUT_PLUS\library\DCON085T.llb
Wed Aug 22 15:09:35 Loaded file C:\PROGRAM FILES\ORCAD\LAYOUT_PLUS\library\DIMM050F.llb
Wed Aug 22 15:09:35 Loaded file C:\PROGRAM FILES\ORCAD\LAYOUT_PLUS\library\DIMM050T.llb
Wed Aug 22 15:09:35 Loaded file C:\PROGRAM FILES\ORCAD\LAYOUT_PLUS\library\DIN.llb
Wed Aug 22 15:09:35 Loaded file C:\PROGRAM FILES\ORCAD\LAYOUT_PLUS\library\DIP100B.llb
Wed Aug 22 15:09:35 Loaded file C:\PROGRAM FILES\ORCAD\LAYOUT_PLUS\library\DIP100T.llb
Wed Aug 22 15:09:35 Loaded file C:\PROGRAM FILES\ORCAD\LAYOUT_PLUS\library\DSUBT.llb
Wed Aug 22 15:09:35 Loaded file C:\PROGRAM FILES\ORCAD\LAYOUT_PLUS\library\DSUBT_HD.LLB
Wed Aug 22 15:09:36 Loaded file C:\PROGRAM FILES\ORCAD\LAYOUT_PLUS\library\ECON100T.llb
Wed Aug 22 15:09:36 Loaded file C:\PROGRAM FILES\ORCAD\LAYOUT_PLUS\library\FBUS.llb
Wed Aug 22 15:09:36 Loaded file C:\PROGRAM FILES\ORCAD\LAYOUT_PLUS\library\ISA.llb
Wed Aug 22 15:09:36 Loaded file C:\PROGRAM FILES\ORCAD\LAYOUT_PLUS\library\JUMPER.LLB
Wed Aug 22 15:09:36 Loaded file C:\PROGRAM FILES\ORCAD\LAYOUT_PLUS\library\LAYOUT.llb
Wed Aug 22 15:09:36 Loaded file C:\PROGRAM FILES\ORCAD\LAYOUT_PLUS\library\LCON100T.llb
Wed Aug 22 15:09:36 Loaded file C:\PROGRAM FILES\ORCAD\LAYOUT_PLUS\library\PC104.llb
Wed Aug 22 15:09:36 Loaded file C:\PROGRAM FILES\ORCAD\LAYOUT_PLUS\library\PCI.llb
Wed Aug 22 15:09:36 Loaded file C:\PROGRAM FILES\ORCAD\LAYOUT_PLUS\library\PCON100T.llb
Wed Aug 22 15:09:36 Loaded file C:\PROGRAM FILES\ORCAD\LAYOUT_PLUS\library\PCON156T.llb
Wed Aug 22 15:09:37 Loaded file C:\PROGRAM FILES\ORCAD\LAYOUT_PLUS\library\PGA.llb
Wed Aug 22 15:09:37 Loaded file C:\PROGRAM FILES\ORCAD\LAYOUT_PLUS\library\PLCC.llb
Wed Aug 22 15:09:38 Loaded file C:\PROGRAM FILES\ORCAD\LAYOUT_PLUS\library\QUAD.llb
Wed Aug 22 15:09:38 Loaded file C:\PROGRAM FILES\ORCAD\LAYOUT_PLUS\library\QUADB.llb
Wed Aug 22 15:09:38 Loaded file C:\PROGRAM FILES\ORCAD\LAYOUT_PLUS\library\RELAY.llb
Wed Aug 22 15:09:38 Loaded file C:\PROGRAM FILES\ORCAD\LAYOUT_PLUS\library\RF.llb
Wed Aug 22 15:09:38 Loaded file C:\PROGRAM FILES\ORCAD\LAYOUT_PLUS\library\SBUS.llb
Wed Aug 22 15:09:38 Loaded file C:\PROGRAM FILES\ORCAD\LAYOUT_PLUS\library\SIMM050F.llb
Wed Aug 22 15:09:39 Loaded file C:\PROGRAM FILES\ORCAD\LAYOUT_PLUS\library\SIMM050T.llb
Wed Aug 22 15:09:39 Loaded file C:\PROGRAM FILES\ORCAD\LAYOUT_PLUS\library\SIMM100F.llb
Wed Aug 22 15:09:39 Loaded file C:\PROGRAM FILES\ORCAD\LAYOUT_PLUS\library\SIMM100T.llb
Wed Aug 22 15:09:39 Loaded file C:\PROGRAM FILES\ORCAD\LAYOUT_PLUS\library\SIP.llb
Wed Aug 22 15:09:39 Loaded file C:\PROGRAM FILES\ORCAD\LAYOUT_PLUS\library\SM.llb
Wed Aug 22 15:09:39 Loaded file C:\PROGRAM FILES\ORCAD\LAYOUT_PLUS\library\SOG.llb
Wed Aug 22 15:09:40 Loaded file C:\PROGRAM FILES\ORCAD\LAYOUT_PLUS\library\SOJ.llb
Wed Aug 22 15:09:40 Loaded file C:\PROGRAM FILES\ORCAD\LAYOUT_PLUS\library\STIFF.llb
Wed Aug 22 15:09:40 Loaded file C:\PROGRAM FILES\ORCAD\LAYOUT_PLUS\library\TELE.llb
Wed Aug 22 15:09:40 Loaded file C:\PROGRAM FILES\ORCAD\LAYOUT_PLUS\library\TM_AXIAL.llb
Wed Aug 22 15:09:40 Loaded file C:\PROGRAM FILES\ORCAD\LAYOUT_PLUS\library\TM_CAP_P.llb
Wed Aug 22 15:09:41 Loaded file C:\PROGRAM FILES\ORCAD\LAYOUT_PLUS\library\TM_CYLND.llb
Wed Aug 22 15:09:41 Loaded file C:\PROGRAM FILES\ORCAD\LAYOUT_PLUS\library\TM_DIODE.llb
Wed Aug 22 15:09:41 Loaded file C:\PROGRAM FILES\ORCAD\LAYOUT_PLUS\library\TM_DISC.llb
Wed Aug 22 15:09:41 Loaded file C:\PROGRAM FILES\ORCAD\LAYOUT_PLUS\library\TM_RAD.llb
Wed Aug 22 15:09:41 Loaded file C:\PROGRAM FILES\ORCAD\LAYOUT_PLUS\library\TO.llb
Wed Aug 22 15:09:42 Loaded file C:\PROGRAM FILES\ORCAD\LAYOUT_PLUS\library\TRAINING.LLB
Wed Aug 22 15:09:42 Loaded file C:\PROGRAM FILES\ORCAD\LAYOUT_PLUS\library\VRES.llb
Wed Aug 22 15:09:42 Loaded file C:\PROGRAM FILES\ORCAD\LAYOUT_PLUS\library\WCON100T.llb
Wed Aug 22 15:09:42 Loaded file C:\PROGRAM FILES\ORCAD\LAYOUT_PLUS\library\XT.llb
Wed Aug 22 15:09:42 Loaded file C:\PROGRAM FILES\ORCAD\LAYOUT_PLUS\library\ZIGZAG.llb
Wed Aug 22 15:09:47 Library file not found:USER.PRT
Wed Aug 22 15:09:47 Library file not found:USER.PRT
Wed Aug 22 15:09:48 Library file not found:USER.PRT
Wed Aug 22 15:09:51 Library file not found:USER.PRT
Wed Aug 22 15:09:51 Library file not found:USER.PRT
Wed Aug 22 15:09:51 Library file not found:USER.PRT
Wed Aug 22 15:09:51 Library file not found:USER.PRT
Wed Aug 22 15:09:51 Library file not found:USER.PRT
Wed Aug 22 15:09:52 Library file not found:USER.PRT
Wed Aug 22 15:09:52 Library file not found:USER.PRT
Wed Aug 22 15:09:52 Library file not found:USER.PRT
Wed Aug 22 15:09:52 Library file not found:USER.PRT
Wed Aug 22 15:09:52 Library file not found:USER.PRT
Wed Aug 22 15:09:52 Library file not found:USER.PRT
Wed Aug 22 15:09:53 Library file not found:USER.PRT
Wed Aug 22 15:09:53 Library file not found:USER.PRT
Wed Aug 22 15:09:53 Library file not found:USER.PRT
Wed Aug 22 15:09:53 Library file not found:USER.PRT
Wed Aug 22 15:09:53 Library file not found:USER.PRT
Wed Aug 22 15:09:53 Library file not found:USER.PRT
Wed Aug 22 15:09:54 Library file not found:USER.PRT
Wed Aug 22 15:09:54 Library file not found:USER.PRT
Wed Aug 22 15:09:54 Library file not found:USER.PRT
Wed Aug 22 15:09:54 Library file not found:USER.PRT
Wed Aug 22 15:09:54 Library file not found:USER.PRT
Wed Aug 22 15:09:54 Library file not found:USER.PRT
Wed Aug 22 15:09:55 Library file not found:USER.PRT
Wed Aug 22 15:09:55 Library file not found:USER.PRT
Wed Aug 22 15:09:55 Library file not found:USER.PRT
Wed Aug 22 15:09:55 Library file not found:USER.PRT
Wed Aug 22 15:14:08 Saved as file C:\MEUS DOCUMENTOS\PROJETOS\CORD„O TROPESSO\CORDA’ TROPE«O3.MAX
Wed Aug 22 15:14:08 Saved as file BACKUP1.MAX
Wed Aug 22 15:14:08 Saved as file C:\MEUS DOCUMENTOS\PROJETOS\CORD„O TROPESSO\CORDA’ TROPE«O3.MAX
Wed Aug 22 15:14:09 UserDiv from Layout.INI for AutoECO: 60
Wed Aug 22 15:17:39 Saved as file C:\MEUS DOCUMENTOS\PROJETOS\CORD„O TROPESSO\CORDA’ TROPE«O3.MAX
Wed Aug 22 15:17:39 Saved as file BACKUP1.MAX
Wed Aug 22 15:17:39 Saved as file C:\MEUS DOCUMENTOS\PROJETOS\CORD„O TROPESSO\CORDA’ TROPE«O3.MAX
Wed Aug 22 15:17:40 UserDiv from Layout.INI for AutoECO: 60
Wed Aug 22 15:20:14 Saved as file BACKUP1.MAX
Wed Aug 22 15:20:14 Saved as file C:\MEUS DOCUMENTOS\PROJETOS\CORD„O TROPESSO\CORDA’ TROPE«O3.MAX
Wed Aug 22 15:20:15 UserDiv from Layout.INI for AutoECO: 60
Wed Aug 22 15:20:41 Saved as file C:\MEUS DOCUMENTOS\PROJETOS\CORD„O TROPESSO\TESTE0.MAX
Wed Aug 22 15:20:41 Saved as file BACKUP1.MAX
Wed Aug 22 15:20:41 Saved as file C:\MEUS DOCUMENTOS\PROJETOS\CORD„O TROPESSO\TESTE0.MAX
Wed Aug 22 15:20:41 UserDiv from Layout.INI for AutoECO: 60
